0 silly argv {
0 silly argv   _: [ 'version' ],
0 silly argv   lernaVersion: '7.0.2',
0 silly argv   '$0': 'C:\\Program Files\\nodejs\\node_modules\\lerna\\dist\\cli.js'
0 silly argv }
1 notice cli v7.0.2
2 verbose packageConfigs Resolving packages based on package.json "workspaces" configuration.
3 verbose rootPath D:\lucky\a-project\06_axjy-vue3-components
4 info versioning independent
5 silly isAnythingCommitted
6 verbose isAnythingCommitted 1
7 silly getCurrentBranch
8 verbose currentBranch master
9 silly remoteBranchExists
10 silly isBehindUpstream
11 error Error: Command failed with exit code 1: git remote update
11 error fatal: unable to access 'https://github.com/olivivian/axjy-vue3-components.git/': OpenSSL SSL_read: Connection was reset, errno 10054
11 error error: Could not fetch origin
11 error Fetching origin
11 error     at makeError (D:\lucky\a-project\06_axjy-vue3-components\node_modules\@lerna\child-process\node_modules\execa\lib\error.js:60:11)
11 error     at Function.module.exports.sync (D:\lucky\a-project\06_axjy-vue3-components\node_modules\@lerna\child-process\node_modules\execa\index.js:194:17)
11 error     at Object.execSync (D:\lucky\a-project\06_axjy-vue3-components\node_modules\@lerna\child-process\index.js:39:16)
11 error     at updateRemote (D:\lucky\a-project\06_axjy-vue3-components\node_modules\lerna\dist\index.js:7584:18)
11 error     at isBehindUpstream (D:\lucky\a-project\06_axjy-vue3-components\node_modules\lerna\dist\index.js:7574:3)
11 error     at VersionCommand.initialize (D:\lucky\a-project\06_axjy-vue3-components\node_modules\lerna\dist\index.js:7884:57)
